<html>
<head>
<title>TestNG:  ValidateLoginTests</title>
<link href="../testng.css" rel="stylesheet" type="text/css" />
<link href="../my-testng.css" rel="stylesheet" type="text/css" />

<style type="text/css">
.log { display: none;} 
.stack-trace { display: none;} 
</style>
<script type="text/javascript">
<!--
function flip(e) {
  current = e.style.display;
  if (current == 'block') {
    e.style.display = 'none';
    return 0;
  }
  else {
    e.style.display = 'block';
    return 1;
  }
}

function toggleBox(szDivId, elem, msg1, msg2)
{
  var res = -1;  if (document.getElementById) {
    res = flip(document.getElementById(szDivId));
  }
  else if (document.all) {
    // this is the way old msie versions work
    res = flip(document.all[szDivId]);
  }
  if(elem) {
    if(res == 0) elem.innerHTML = msg1; else elem.innerHTML = msg2;
  }

}

function toggleAllBoxes() {
  if (document.getElementsByTagName) {
    d = document.getElementsByTagName('div');
    for (i = 0; i < d.length; i++) {
      if (d[i].className == 'log') {
        flip(d[i]);
      }
    }
  }
}

// -->
</script>

</head>
<body>
<h2 align='center'>ValidateLoginTests</h2><table border='1' align="center">
<tr>
<td>Tests passed/Failed/Skipped:</td><td>7/2/0</td>
</tr><tr>
<td>Started on:</td><td>Wed Sep 15 14:41:10 CEST 2021</td>
</tr>
<tr><td>Total time:</td><td>1 seconds (1457 ms)</td>
</tr><tr>
<td>Included groups:</td><td></td>
</tr><tr>
<td>Excluded groups:</td><td></td>
</tr>
</table><p/>
<small><i>(Hover the method name to see the test class name)</i></small><p/>
<table width='100%' border='1' class='invocation-failed'>
<tr><td colspan='4' align='center'><b>FAILED TESTS</b></td></tr>
<tr><td><b>Test method</b></td>
<td width="30%"><b>Exception</b></td>
<td width="10%"><b>Time (seconds)</b></td>
<td><b>Instance</b></td>
</tr>
<tr>
<td title='local.HLVTestApp.APITests.API_ValidateLoginTests.API_ValidateLogin()'><b>API_ValidateLogin</b><br>Test class: local.HLVTestApp.APITests.API_ValidateLoginTests<br>Parameters: {no=6, firstName=incorrectFirstName, lastName=test1, password=test1, description=Login failed - Incorrect firstName, body=Login failed., username=test1, statusCode=417}</td>
<td><div><pre>java.lang.AssertionError: expected [417] but found [200]
	at local.HLVTestApp.APITests.API_ValidateLoginTests.API_ValidateLogin(API_ValidateLoginTests.java:48)
	at java.base/java.util.ArrayList.forEach(ArrayList.java:1541)
	at java.base/java.util.concurrent.FutureTask.run(FutureTask.java:264)
	at java.base/java.util.concurrent.ThreadPoolExecutor.runWorker(ThreadPoolExecutor.java:1128)
	at java.base/java.util.concurrent.ThreadPoolExecutor$Worker.run(ThreadPoolExecutor.java:628)
	at java.base/java.lang.Thread.run(Thread.java:834)
... Removed 24 stack frames</pre></div><a href='#' onClick='toggleBox("stack-trace664473589", this, "Click to show all stack frames", "Click to hide stack frames")'>Click to show all stack frames</a>
<div class='stack-trace' id='stack-trace664473589'><pre>java.lang.AssertionError: expected [417] but found [200]
	at org.testng.Assert.fail(Assert.java:99)
	at org.testng.Assert.failNotEquals(Assert.java:1037)
	at org.testng.Assert.assertEqualsImpl(Assert.java:140)
	at org.testng.Assert.assertEquals(Assert.java:122)
	at org.testng.Assert.assertEquals(Assert.java:907)
	at org.testng.Assert.assertEquals(Assert.java:917)
	at local.HLVTestApp.APITests.API_ValidateLoginTests.API_ValidateLogin(API_ValidateLoginTests.java:48)
	at java.base/jdk.internal.reflect.NativeMethodAccessorImpl.invoke0(Native Method)
	at java.base/jdk.internal.reflect.NativeMethodAccessorImpl.invoke(NativeMethodAccessorImpl.java:62)
	at java.base/jdk.internal.reflect.DelegatingMethodAccessorImpl.invoke(DelegatingMethodAccessorImpl.java:43)
	at java.base/java.lang.reflect.Method.invoke(Method.java:566)
	at org.testng.internal.MethodInvocationHelper.invokeMethod(MethodInvocationHelper.java:133)
	at org.testng.internal.TestInvoker.invokeMethod(TestInvoker.java:598)
	at org.testng.internal.TestInvoker.invokeTestMethod(TestInvoker.java:173)
	at org.testng.internal.MethodRunner.runInSequence(MethodRunner.java:46)
	at org.testng.internal.TestInvoker$MethodInvocationAgent.invoke(TestInvoker.java:824)
	at org.testng.internal.TestInvoker.invokeTestMethods(TestInvoker.java:146)
	at org.testng.internal.TestMethodWorker.invokeTestMethods(TestMethodWorker.java:146)
	at org.testng.internal.TestMethodWorker.run(TestMethodWorker.java:128)
	at java.base/java.util.ArrayList.forEach(ArrayList.java:1541)
	at org.testng.TestRunner.privateRun(TestRunner.java:794)
	at org.testng.TestRunner.run(TestRunner.java:596)
	at org.testng.SuiteRunner.runTest(SuiteRunner.java:377)
	at org.testng.SuiteRunner.access$000(SuiteRunner.java:28)
	at org.testng.SuiteRunner$SuiteWorker.run(SuiteRunner.java:418)
	at org.testng.internal.thread.ThreadUtil.lambda$execute$0(ThreadUtil.java:64)
	at java.base/java.util.concurrent.FutureTask.run(FutureTask.java:264)
	at java.base/java.util.concurrent.ThreadPoolExecutor.runWorker(ThreadPoolExecutor.java:1128)
	at java.base/java.util.concurrent.ThreadPoolExecutor$Worker.run(ThreadPoolExecutor.java:628)
	at java.base/java.lang.Thread.run(Thread.java:834)
</pre></div></td>
<td>0</td>
<td>local.HLVTestApp.APITests.API_ValidateLoginTests@49c7b90e</td></tr>
<tr>
<td title='local.HLVTestApp.APITests.API_ValidateLoginTests.API_ValidateLogin()'><b>API_ValidateLogin</b><br>Test class: local.HLVTestApp.APITests.API_ValidateLoginTests<br>Parameters: {no=7, firstName=test1, lastName=incorrectLastName, password=test1, description=Login failed - Incorrect lastName, body=Login failed., username=test1, statusCode=417}</td>
<td><div><pre>java.lang.AssertionError: expected [417] but found [200]
	at local.HLVTestApp.APITests.API_ValidateLoginTests.API_ValidateLogin(API_ValidateLoginTests.java:48)
	at java.base/java.util.ArrayList.forEach(ArrayList.java:1541)
	at java.base/java.util.concurrent.FutureTask.run(FutureTask.java:264)
	at java.base/java.util.concurrent.ThreadPoolExecutor.runWorker(ThreadPoolExecutor.java:1128)
	at java.base/java.util.concurrent.ThreadPoolExecutor$Worker.run(ThreadPoolExecutor.java:628)
	at java.base/java.lang.Thread.run(Thread.java:834)
... Removed 24 stack frames</pre></div><a href='#' onClick='toggleBox("stack-trace1199575503", this, "Click to show all stack frames", "Click to hide stack frames")'>Click to show all stack frames</a>
<div class='stack-trace' id='stack-trace1199575503'><pre>java.lang.AssertionError: expected [417] but found [200]
	at org.testng.Assert.fail(Assert.java:99)
	at org.testng.Assert.failNotEquals(Assert.java:1037)
	at org.testng.Assert.assertEqualsImpl(Assert.java:140)
	at org.testng.Assert.assertEquals(Assert.java:122)
	at org.testng.Assert.assertEquals(Assert.java:907)
	at org.testng.Assert.assertEquals(Assert.java:917)
	at local.HLVTestApp.APITests.API_ValidateLoginTests.API_ValidateLogin(API_ValidateLoginTests.java:48)
	at java.base/jdk.internal.reflect.NativeMethodAccessorImpl.invoke0(Native Method)
	at java.base/jdk.internal.reflect.NativeMethodAccessorImpl.invoke(NativeMethodAccessorImpl.java:62)
	at java.base/jdk.internal.reflect.DelegatingMethodAccessorImpl.invoke(DelegatingMethodAccessorImpl.java:43)
	at java.base/java.lang.reflect.Method.invoke(Method.java:566)
	at org.testng.internal.MethodInvocationHelper.invokeMethod(MethodInvocationHelper.java:133)
	at org.testng.internal.TestInvoker.invokeMethod(TestInvoker.java:598)
	at org.testng.internal.TestInvoker.invokeTestMethod(TestInvoker.java:173)
	at org.testng.internal.MethodRunner.runInSequence(MethodRunner.java:46)
	at org.testng.internal.TestInvoker$MethodInvocationAgent.invoke(TestInvoker.java:824)
	at org.testng.internal.TestInvoker.invokeTestMethods(TestInvoker.java:146)
	at org.testng.internal.TestMethodWorker.invokeTestMethods(TestMethodWorker.java:146)
	at org.testng.internal.TestMethodWorker.run(TestMethodWorker.java:128)
	at java.base/java.util.ArrayList.forEach(ArrayList.java:1541)
	at org.testng.TestRunner.privateRun(TestRunner.java:794)
	at org.testng.TestRunner.run(TestRunner.java:596)
	at org.testng.SuiteRunner.runTest(SuiteRunner.java:377)
	at org.testng.SuiteRunner.access$000(SuiteRunner.java:28)
	at org.testng.SuiteRunner$SuiteWorker.run(SuiteRunner.java:418)
	at org.testng.internal.thread.ThreadUtil.lambda$execute$0(ThreadUtil.java:64)
	at java.base/java.util.concurrent.FutureTask.run(FutureTask.java:264)
	at java.base/java.util.concurrent.ThreadPoolExecutor.runWorker(ThreadPoolExecutor.java:1128)
	at java.base/java.util.concurrent.ThreadPoolExecutor$Worker.run(ThreadPoolExecutor.java:628)
	at java.base/java.lang.Thread.run(Thread.java:834)
</pre></div></td>
<td>0</td>
<td>local.HLVTestApp.APITests.API_ValidateLoginTests@49c7b90e</td></tr>
</table><p>
<table width='100%' border='1' class='invocation-passed'>
<tr><td colspan='4' align='center'><b>PASSED TESTS</b></td></tr>
<tr><td><b>Test method</b></td>
<td width="30%"><b>Exception</b></td>
<td width="10%"><b>Time (seconds)</b></td>
<td><b>Instance</b></td>
</tr>
<tr>
<td title='local.HLVTestApp.APITests.API_ValidateLoginTests.API_ValidateLogin()'><b>API_ValidateLogin</b><br>Test class: local.HLVTestApp.APITests.API_ValidateLoginTests<br>Parameters: {no=2, firstName=test2, lastName=test2, password=test2, description=successful login 2, body=, username=test2, statusCode=200}</td>
<td></td>
<td>0</td>
<td>local.HLVTestApp.APITests.API_ValidateLoginTests@49c7b90e</td></tr>
<tr>
<td title='local.HLVTestApp.APITests.API_ValidateLoginTests.API_ValidateLogin()'><b>API_ValidateLogin</b><br>Test class: local.HLVTestApp.APITests.API_ValidateLoginTests<br>Parameters: {no=3, firstName=test3, lastName=test3, password=test3, description=successful login 3, body=, username=test3, statusCode=200}</td>
<td></td>
<td>0</td>
<td>local.HLVTestApp.APITests.API_ValidateLoginTests@49c7b90e</td></tr>
<tr>
<td title='local.HLVTestApp.APITests.API_ValidateLoginTests.API_ValidateLogin()'><b>API_ValidateLogin</b><br>Test class: local.HLVTestApp.APITests.API_ValidateLoginTests<br>Parameters: {no=8, firstName=test1, lastName=test1, password=incorrectPassword, description=Login failed - Incorrect password, body=Login failed., username=test1, statusCode=417}</td>
<td></td>
<td>0</td>
<td>local.HLVTestApp.APITests.API_ValidateLoginTests@49c7b90e</td></tr>
<tr>
<td title='local.HLVTestApp.APITests.API_ValidateLoginTests.API_ValidateLogin()'><b>API_ValidateLogin</b><br>Test class: local.HLVTestApp.APITests.API_ValidateLoginTests<br>Parameters: {no=5, firstName=test5, lastName=test5, password=test5, description=successful login 5, body=, username=test5, statusCode=200}</td>
<td></td>
<td>0</td>
<td>local.HLVTestApp.APITests.API_ValidateLoginTests@49c7b90e</td></tr>
<tr>
<td title='local.HLVTestApp.APITests.API_ValidateLoginTests.API_ValidateLogin()'><b>API_ValidateLogin</b><br>Test class: local.HLVTestApp.APITests.API_ValidateLoginTests<br>Parameters: {no=9, firstName=test1, lastName=test1, password=test1, description=Login failed - Incorrect username, body=Login failed., username=incorrectUsername, statusCode=417}</td>
<td></td>
<td>0</td>
<td>local.HLVTestApp.APITests.API_ValidateLoginTests@49c7b90e</td></tr>
<tr>
<td title='local.HLVTestApp.APITests.API_ValidateLoginTests.API_ValidateLogin()'><b>API_ValidateLogin</b><br>Test class: local.HLVTestApp.APITests.API_ValidateLoginTests<br>Parameters: {no=1, firstName=test1, lastName=test1, password=test1, description=successful login 1, body=, username=test1, statusCode=200}</td>
<td></td>
<td>1</td>
<td>local.HLVTestApp.APITests.API_ValidateLoginTests@49c7b90e</td></tr>
<tr>
<td title='local.HLVTestApp.APITests.API_ValidateLoginTests.API_ValidateLogin()'><b>API_ValidateLogin</b><br>Test class: local.HLVTestApp.APITests.API_ValidateLoginTests<br>Parameters: {no=4, firstName=test4, lastName=test4, password=test4, description=successful login 4, body=, username=test4, statusCode=200}</td>
<td></td>
<td>0</td>
<td>local.HLVTestApp.APITests.API_ValidateLoginTests@49c7b90e</td></tr>
</table><p>
</body>
</html>