<!DOCTYPE html PUBLIC "-//W3C//DTD XHTML 1.1//EN" "https://www.w3.org/TR/xhtml11/DTD/xhtml11.dtd">
<html xmlns="https://www.w3.org/1999/xhtml">
<head>
<meta http-equiv="content-type" content="text/html; charset=UTF-8"/>
<title>TestNG Report</title>
<style type="text/css">table {margin-bottom:10px;border-collapse:collapse;empty-cells:show}th,td {border:1px solid #009;padding:.25em .5em}th {vertical-align:bottom}td {vertical-align:top}table a {font-weight:bold}.stripe td {background-color: #E6EBF9}.num {text-align:right}.passedodd td {background-color: #3F3}.passedeven td {background-color: #0A0}.skippedodd td {background-color: #DDD}.skippedeven td {background-color: #CCC}.failedodd td,.attn {background-color: #F33}.failedeven td,.stripe .attn {background-color: #D00}.stacktrace {white-space:pre;font-family:monospace}.totop {font-size:85%;text-align:center;border-bottom:2px solid #000}.invisible {display:none}</style>
</head>
<body>
<table>
<tr><th>Test</th><th># Passed</th><th># Skipped</th><th># Retried</th><th># Failed</th><th>Time (ms)</th><th>Included Groups</th><th>Excluded Groups</th></tr>
<tr><th colspan="8">NegativeLoginUsernameOnMainPageTestSuite</th></tr>
<tr><td><a href="#t0">NegativeLoginPasswordOnMainPageTest-CH</a></td><td class="num">0</td><td class="num">0</td><td class="num">0</td><td class="num attn">2</td><td class="num">9,776</td><td></td><td></td></tr>
<tr class="stripe"><td><a href="#t1">NegativeLoginUsernameOnMainPageTest-FF</a></td><td class="num">1</td><td class="num">0</td><td class="num">0</td><td class="num attn">1</td><td class="num">14,084</td><td></td><td></td></tr>
<tr><td><a href="#t2">NegativeLoginPasswordOnMainPageTest-FF</a></td><td class="num">0</td><td class="num">0</td><td class="num">0</td><td class="num attn">2</td><td class="num">15,595</td><td></td><td></td></tr>
<tr><th>Total</th><th class="num">1</th><th class="num">0</th><th class="num">0</th><th class="num attn">5</th><th class="num">39,455</th><th colspan="2"></th></tr>
</table>
<table id='summary'><thead><tr><th>Class</th><th>Method</th><th>Start</th><th>Time (ms)</th></tr></thead><tbody><tr><th colspan="4">NegativeLoginUsernameOnMainPageTestSuite</th></tr></tbody><tbody id="t0"><tr><th colspan="4">NegativeLoginPasswordOnMainPageTest-CH &#8212; failed</th></tr><tr class="failedeven"><td rowspan="2">local.HLVTestApp.loginandsignuptests.NegativeLoginTests</td><td><a href="#m0">verifyUnsuccessfullLoginActionOnLoginPage</a></td><td rowspan="1">1631540256690</td><td rowspan="1">1018</td></tr><tr class="failedeven"><td><a href="#m1">verifyUnsuccessfullLoginActionOnMainPage</a></td><td rowspan="1">1631540261539</td><td rowspan="1">1156</td></tr></tbody>
<tbody id="t1"><tr><th colspan="4">NegativeLoginUsernameOnMainPageTest-FF &#8212; failed</th></tr><tr class="failedeven"><td rowspan="1">local.HLVTestApp.loginandsignuptests.NegativeLoginTests</td><td><a href="#m2">verifyUnsuccessfullLoginActionOnMainPage</a></td><td rowspan="1">1631540266195</td><td rowspan="1">660</td></tr><tr><th colspan="4">NegativeLoginUsernameOnMainPageTest-FF &#8212; passed</th></tr><tr class="passedeven"><td rowspan="1">local.HLVTestApp.loginandsignuptests.NegativeLoginTests</td><td><a href="#m3">verifyUnsuccessfullLoginActionOnLoginPage</a></td><td rowspan="1">1631540259847</td><td rowspan="1">1358</td></tr></tbody>
<tbody id="t2"><tr><th colspan="4">NegativeLoginPasswordOnMainPageTest-FF &#8212; failed</th></tr><tr class="failedeven"><td rowspan="2">local.HLVTestApp.loginandsignuptests.NegativeLoginTests</td><td><a href="#m4">verifyUnsuccessfullLoginActionOnLoginPage</a></td><td rowspan="1">1631540260401</td><td rowspan="1">2224</td></tr><tr class="failedeven"><td><a href="#m5">verifyUnsuccessfullLoginActionOnMainPage</a></td><td rowspan="1">1631540268187</td><td rowspan="1">491</td></tr></tbody>
</table>
<h2>NegativeLoginPasswordOnMainPageTest-CH</h2><h3 id="m0">local.HLVTestApp.loginandsignuptests.NegativeLoginTests#verifyUnsuccessfullLoginActionOnLoginPage</h3><table class="result"><tr class="param"><th>Parameter #1</th><th>Parameter #2</th><th>Parameter #3</th></tr><tr class="param stripe"><td>testUsername1</td><td>incorrectPassword</td><td>Invalid Email. Try again.</td></tr><tr><th colspan="3">Exception</th></tr><tr><td colspan="3"><div class="stacktrace">org.openqa.selenium.StaleElementReferenceException: stale element reference: element is not attached to the page document
  (Session info: chrome=93.0.4577.63)
For documentation on this error, please visit: https://selenium.dev/exceptions/#stale_element_reference
Build info: version: &apos;4.0.0-beta-4&apos;, revision: &apos;29f46d02dd&apos;
System info: host: &apos;SIXNS289&apos;, ip: &apos;192.168.0.14&apos;, os.name: &apos;Windows 10&apos;, os.arch: &apos;amd64&apos;, os.version: &apos;10.0&apos;, java.version: &apos;15&apos;
Driver info: org.openqa.selenium.chrome.ChromeDriver
Command: [75acdf07baa0a7a318572ce0ada66abe, clickElement {id=7e11c8f0-0c33-4d04-84b7-a995cfd18b62}]
Capabilities {acceptInsecureCerts: false, browserName: chrome, browserVersion: 93.0.4577.63, chrome: {chromedriverVersion: 93.0.4577.63 (ff5c0da2ec0ad..., userDataDir: C:\Users\ATATAL~1\AppData\L...}, goog:chromeOptions: {debuggerAddress: localhost:56409}, javascriptEnabled: true, networkConnectionEnabled: false, pageLoadStrategy: normal, platform: WINDOWS, platformName: WINDOWS, proxy: Proxy(), se:cdp: ws://localhost:56409/devtoo..., se:cdpVersion: 93.0.4577.63, setWindowRect: true, strictFileInteractability: false, timeouts: {implicit: 0, pageLoad: 300000, script: 30000}, unhandledPromptBehavior: dismiss and notify, webauthn:extension:credBlob: true, webauthn:extension:largeBlob: true, webauthn:virtualAuthenticators: true}
Element: [[ChromeDriver: chrome on WINDOWS (75acdf07baa0a7a318572ce0ada66abe)] -&gt; css selector: a[href = &apos;login&apos;]]
Session ID: 75acdf07baa0a7a318572ce0ada66abe
	at org.openqa.selenium.remote.codec.w3c.W3CHttpResponseCodec.createException(W3CHttpResponseCodec.java:200)
	at org.openqa.selenium.remote.codec.w3c.W3CHttpResponseCodec.decode(W3CHttpResponseCodec.java:133)
	at org.openqa.selenium.remote.codec.w3c.W3CHttpResponseCodec.decode(W3CHttpResponseCodec.java:53)
	at org.openqa.selenium.remote.HttpCommandExecutor.execute(HttpCommandExecutor.java:184)
	at org.openqa.selenium.remote.service.DriverCommandExecutor.invokeExecute(DriverCommandExecutor.java:162)
	at org.openqa.selenium.remote.service.DriverCommandExecutor.execute(DriverCommandExecutor.java:137)
	at org.openqa.selenium.remote.RemoteWebDriver.execute(RemoteWebDriver.java:612)
	at org.openqa.selenium.remote.RemoteWebElement.execute(RemoteWebElement.java:235)
	at org.openqa.selenium.remote.RemoteWebElement.click(RemoteWebElement.java:73)
	at local.HLVTestApp.pages.BasePageObject.click(BasePageObject.java:39)
	at local.HLVTestApp.pages.ResponsiveSocialLoginFormPageObject.clickOnLogInButton(ResponsiveSocialLoginFormPageObject.java:52)
	at local.HLVTestApp.loginandsignuptests.NegativeLoginTests.verifyUnsuccessfullLoginActionOnLoginPage(NegativeLoginTests.java:49)
	at java.base/java.util.ArrayList.forEach(ArrayList.java:1511)
	at java.base/java.util.concurrent.FutureTask.run(FutureTask.java:264)
	at java.base/java.util.concurrent.ThreadPoolExecutor.runWorker(ThreadPoolExecutor.java:1130)
	at java.base/java.util.concurrent.ThreadPoolExecutor$Worker.run(ThreadPoolExecutor.java:630)
	at java.base/java.lang.Thread.run(Thread.java:832)
... Removed 23 stack frames</div></td></tr></table><p class="totop"><a href="#summary">back to summary</a></p>
<h3 id="m1">local.HLVTestApp.loginandsignuptests.NegativeLoginTests#verifyUnsuccessfullLoginActionOnMainPage</h3><table class="result"><tr class="param"><th>Parameter #1</th><th>Parameter #2</th><th>Parameter #3</th></tr><tr class="param stripe"><td>testUsername1</td><td>incorrectPassword</td><td>Invalid Email. Try again.</td></tr><tr><th colspan="3">Exception</th></tr><tr><td colspan="3"><div class="stacktrace">java.lang.AssertionError: expected [http://localhost:8080/login] but found [http://localhost:8080/?username=testUsername1&amp;password=incorrectPassword]
	at local.HLVTestApp.loginandsignuptests.NegativeLoginTests.verifyUnsuccessfullLoginActionOnMainPage(NegativeLoginTests.java:27)
	at java.base/java.util.ArrayList.forEach(ArrayList.java:1511)
	at java.base/java.util.concurrent.FutureTask.run(FutureTask.java:264)
	at java.base/java.util.concurrent.ThreadPoolExecutor.runWorker(ThreadPoolExecutor.java:1130)
	at java.base/java.util.concurrent.ThreadPoolExecutor$Worker.run(ThreadPoolExecutor.java:630)
	at java.base/java.lang.Thread.run(Thread.java:832)
... Removed 24 stack frames</div></td></tr></table><p class="totop"><a href="#summary">back to summary</a></p>
<h2>NegativeLoginUsernameOnMainPageTest-FF</h2><h3 id="m2">local.HLVTestApp.loginandsignuptests.NegativeLoginTests#verifyUnsuccessfullLoginActionOnMainPage</h3><table class="result"><tr class="param"><th>Parameter #1</th><th>Parameter #2</th><th>Parameter #3</th></tr><tr class="param stripe"><td>incorrectUsername</td><td>testPassword1</td><td>Invalid Email. Try again.</td></tr><tr><th colspan="3">Exception</th></tr><tr><td colspan="3"><div class="stacktrace">java.lang.AssertionError: expected [http://localhost:8080/login] but found [http://localhost:8080/?username=incorrectUsername&amp;password=testPassword1]
	at local.HLVTestApp.loginandsignuptests.NegativeLoginTests.verifyUnsuccessfullLoginActionOnMainPage(NegativeLoginTests.java:27)
	at java.base/java.util.ArrayList.forEach(ArrayList.java:1511)
	at java.base/java.util.concurrent.FutureTask.run(FutureTask.java:264)
	at java.base/java.util.concurrent.ThreadPoolExecutor.runWorker(ThreadPoolExecutor.java:1130)
	at java.base/java.util.concurrent.ThreadPoolExecutor$Worker.run(ThreadPoolExecutor.java:630)
	at java.base/java.lang.Thread.run(Thread.java:832)
... Removed 24 stack frames</div></td></tr></table><p class="totop"><a href="#summary">back to summary</a></p>
<h3 id="m3">local.HLVTestApp.loginandsignuptests.NegativeLoginTests#verifyUnsuccessfullLoginActionOnLoginPage</h3><table class="result"><tr class="param"><th>Parameter #1</th><th>Parameter #2</th><th>Parameter #3</th></tr><tr class="param stripe"><td>incorrectUsername</td><td>testPassword1</td><td>Invalid Email. Try again.</td></tr></table><p class="totop"><a href="#summary">back to summary</a></p>
<h2>NegativeLoginPasswordOnMainPageTest-FF</h2><h3 id="m4">local.HLVTestApp.loginandsignuptests.NegativeLoginTests#verifyUnsuccessfullLoginActionOnLoginPage</h3><table class="result"><tr class="param"><th>Parameter #1</th><th>Parameter #2</th><th>Parameter #3</th></tr><tr class="param stripe"><td>testUsername1</td><td>incorrectPassword</td><td>Invalid Email. Try again.</td></tr><tr><th colspan="3">Exception</th></tr><tr><td colspan="3"><div class="stacktrace">org.openqa.selenium.NoSuchSessionException: Tried to run command without establishing a connection
Build info: version: &apos;4.0.0-beta-4&apos;, revision: &apos;29f46d02dd&apos;
System info: host: &apos;SIXNS289&apos;, ip: &apos;192.168.0.14&apos;, os.name: &apos;Windows 10&apos;, os.arch: &apos;amd64&apos;, os.version: &apos;10.0&apos;, java.version: &apos;15&apos;
Driver info: org.openqa.selenium.firefox.FirefoxDriver
Command: [f4c400f6-a02e-453e-80c6-a43eb479e500, findElement {using=name, value=username}]
Capabilities {acceptInsecureCerts: true, browserName: firefox, browserVersion: 92.0, javascriptEnabled: true, moz:accessibilityChecks: false, moz:buildID: 20210903235534, moz:debuggerAddress: localhost:54566, moz:geckodriverVersion: 0.29.1, moz:headless: false, moz:processID: 17884, moz:profile: C:\Users\atatalovic\AppData..., moz:shutdownTimeout: 60000, moz:useNonSpecCompliantPointerOrigin: false, moz:webdriverClick: true, pageLoadStrategy: normal, platform: WINDOWS, platformName: WINDOWS, platformVersion: 10.0, proxy: Proxy(), se:cdp: ws://localhost:54566/devtoo..., se:cdpVersion: 85, setWindowRect: true, strictFileInteractability: false, timeouts: {implicit: 0, pageLoad: 300000, script: 30000}, unhandledPromptBehavior: dismiss and notify}
Session ID: f4c400f6-a02e-453e-80c6-a43eb479e500
	at org.openqa.selenium.remote.codec.w3c.W3CHttpResponseCodec.createException(W3CHttpResponseCodec.java:200)
	at org.openqa.selenium.remote.codec.w3c.W3CHttpResponseCodec.decode(W3CHttpResponseCodec.java:133)
	at org.openqa.selenium.remote.codec.w3c.W3CHttpResponseCodec.decode(W3CHttpResponseCodec.java:53)
	at org.openqa.selenium.remote.HttpCommandExecutor.execute(HttpCommandExecutor.java:184)
	at org.openqa.selenium.remote.service.DriverCommandExecutor.invokeExecute(DriverCommandExecutor.java:162)
	at org.openqa.selenium.remote.service.DriverCommandExecutor.execute(DriverCommandExecutor.java:137)
	at org.openqa.selenium.remote.RemoteWebDriver.execute(RemoteWebDriver.java:612)
	at org.openqa.selenium.remote.RemoteWebDriver$Mechanism$2.findElement(RemoteWebDriver.java:1251)
	at org.openqa.selenium.remote.RemoteWebDriver.findElement(RemoteWebDriver.java:386)
	at org.openqa.selenium.remote.RemoteWebDriver.findElement(RemoteWebDriver.java:373)
	at local.HLVTestApp.pages.BasePageObject.find(BasePageObject.java:33)
	at local.HLVTestApp.pages.BasePageObject.type(BasePageObject.java:45)
	at local.HLVTestApp.pages.LoginFormPageObject.logIn(LoginFormPageObject.java:23)
	at local.HLVTestApp.loginandsignuptests.NegativeLoginTests.verifyUnsuccessfullLoginActionOnLoginPage(NegativeLoginTests.java:52)
	at java.base/java.util.ArrayList.forEach(ArrayList.java:1511)
	at java.base/java.util.concurrent.FutureTask.run(FutureTask.java:264)
	at java.base/java.util.concurrent.ThreadPoolExecutor.runWorker(ThreadPoolExecutor.java:1130)
	at java.base/java.util.concurrent.ThreadPoolExecutor$Worker.run(ThreadPoolExecutor.java:630)
	at java.base/java.lang.Thread.run(Thread.java:832)
... Removed 23 stack frames</div></td></tr></table><p class="totop"><a href="#summary">back to summary</a></p>
<h3 id="m5">local.HLVTestApp.loginandsignuptests.NegativeLoginTests#verifyUnsuccessfullLoginActionOnMainPage</h3><table class="result"><tr class="param"><th>Parameter #1</th><th>Parameter #2</th><th>Parameter #3</th></tr><tr class="param stripe"><td>testUsername1</td><td>incorrectPassword</td><td>Invalid Email. Try again.</td></tr><tr><th colspan="3">Exception</th></tr><tr><td colspan="3"><div class="stacktrace">java.lang.AssertionError: expected [http://localhost:8080/login] but found [http://localhost:8080/?username=testUsername1&amp;password=incorrectPassword]
	at local.HLVTestApp.loginandsignuptests.NegativeLoginTests.verifyUnsuccessfullLoginActionOnMainPage(NegativeLoginTests.java:27)
	at java.base/java.util.ArrayList.forEach(ArrayList.java:1511)
	at java.base/java.util.concurrent.FutureTask.run(FutureTask.java:264)
	at java.base/java.util.concurrent.ThreadPoolExecutor.runWorker(ThreadPoolExecutor.java:1130)
	at java.base/java.util.concurrent.ThreadPoolExecutor$Worker.run(ThreadPoolExecutor.java:630)
	at java.base/java.lang.Thread.run(Thread.java:832)
... Removed 24 stack frames</div></td></tr></table><p class="totop"><a href="#summary">back to summary</a></p>
</body>
</html>
