<!DOCTYPE html>

<html>
  <head>
  <meta charset='utf-8'>
  <title>TestNG reports</title>

    <link type="text/css" href="testng-reports1.css" rel="stylesheet" id="ultra" />
    <link type="text/css" href="testng-reports.css" rel="stylesheet" id="retro" disabled="false"/>
    <script type="text/javascript" src="jquery.min.js"></script>
    <script type="text/javascript" src="testng-reports.js"></script>
    <script type="text/javascript" src="https://www.google.com/jsapi"></script>
    <script type='text/javascript'>
      google.load('visualization', '1', {packages:['table']});
      google.setOnLoadCallback(drawTable);
      var suiteTableInitFunctions = new Array();
      var suiteTableData = new Array();
    </script>
    <!--
      <script type="text/javascript" src="jquery-ui/js/jquery-ui-1.8.16.custom.min.js"></script>
     -->
  </head>

  <body>
    <div class="top-banner-root">
      <span class="top-banner-title-font">Test results</span>
      <button id="button" class="button">Switch Retro Theme</button> <!-- button -->
      <br/>
      <span class="top-banner-font-1">1 suite, 5 failed tests</span>
    </div> <!-- top-banner-root -->
    <div class="navigator-root">
      <div class="navigator-suite-header">
        <span>All suites</span>
        <a href="#" title="Collapse/expand all the suites" class="collapse-all-link">
          <img src="collapseall.gif" class="collapse-all-icon">
          </img> <!-- collapse-all-icon -->
        </a> <!-- collapse-all-link -->
      </div> <!-- navigator-suite-header -->
      <div class="suite">
        <div class="rounded-window">
          <div class="suite-header light-rounded-window-top">
            <a href="#" panel-name="suite-NegativeLoginUsernameOnMainPageTestSuite" class="navigator-link">
              <span class="suite-name border-failed">NegativeLoginUsernameOnMainPageTestSuite</span>
            </a> <!-- navigator-link -->
          </div> <!-- suite-header light-rounded-window-top -->
          <div class="navigator-suite-content">
            <div class="suite-section-title">
              <span>Info</span>
            </div> <!-- suite-section-title -->
            <div class="suite-section-content">
              <ul>
                <li>
                  <a href="#" panel-name="test-xml-NegativeLoginUsernameOnMainPageTestSuite" class="navigator-link ">
                    <span>C:\Users\atatalovic\eclipse-workspace\HLVTest\src\test\resources\TestSuites\NegativeLoginTests.xml</span>
                  </a> <!-- navigator-link  -->
                </li>
                <li>
                  <a href="#" panel-name="testlist-NegativeLoginUsernameOnMainPageTestSuite" class="navigator-link ">
                    <span class="test-stats">4 tests</span>
                  </a> <!-- navigator-link  -->
                </li>
                <li>
                  <a href="#" panel-name="group-NegativeLoginUsernameOnMainPageTestSuite" class="navigator-link ">
                    <span>0 groups</span>
                  </a> <!-- navigator-link  -->
                </li>
                <li>
                  <a href="#" panel-name="times-NegativeLoginUsernameOnMainPageTestSuite" class="navigator-link ">
                    <span>Times</span>
                  </a> <!-- navigator-link  -->
                </li>
                <li>
                  <a href="#" panel-name="reporter-NegativeLoginUsernameOnMainPageTestSuite" class="navigator-link ">
                    <span>Reporter output</span>
                  </a> <!-- navigator-link  -->
                </li>
                <li>
                  <a href="#" panel-name="ignored-methods-NegativeLoginUsernameOnMainPageTestSuite" class="navigator-link ">
                    <span>Ignored methods</span>
                  </a> <!-- navigator-link  -->
                </li>
                <li>
                  <a href="#" panel-name="chronological-NegativeLoginUsernameOnMainPageTestSuite" class="navigator-link ">
                    <span>Chronological view</span>
                  </a> <!-- navigator-link  -->
                </li>
              </ul>
            </div> <!-- suite-section-content -->
            <div class="result-section">
              <div class="suite-section-title">
                <span>Results</span>
              </div> <!-- suite-section-title -->
              <div class="suite-section-content">
                <ul>
                  <li>
                    <span class="method-stats">6 methods, 5 failed,   1 passed</span>
                  </li>
                  <li>
                    <span class="method-list-title failed">Failed methods</span>
                    <span class="show-or-hide-methods failed">
                      <a href="#" panel-name="suite-NegativeLoginUsernameOnMainPageTestSuite" class="hide-methods failed suite-NegativeLoginUsernameOnMainPageTestSuite"> (hide)</a> <!-- hide-methods failed suite-NegativeLoginUsernameOnMainPageTestSuite -->
                      <a href="#" panel-name="suite-NegativeLoginUsernameOnMainPageTestSuite" class="show-methods failed suite-NegativeLoginUsernameOnMainPageTestSuite"> (show)</a> <!-- show-methods failed suite-NegativeLoginUsernameOnMainPageTestSuite -->
                    </span>
                    <div class="method-list-content failed suite-NegativeLoginUsernameOnMainPageTestSuite">
                      <span>
                        <img src="failed.png" width="3%"/>
                        <a href="#" panel-name="suite-NegativeLoginUsernameOnMainPageTestSuite" title="local.HLVTestApp.loginandsignuptests.NegativeLoginTests" class="method navigator-link" hash-for-method="verifyUnsuccessfullLoginActionOnLoginPage(testUsername1, incorrectPassword, Invalid Email. Try again.)">verifyUnsuccessfullLoginActionOnLoginPage(testUsername1, incorrectPassword, Invalid Email. Try again.)</a> <!-- method navigator-link -->
                      </span>
                      <br/>
                      <span>
                        <img src="failed.png" width="3%"/>
                        <a href="#" panel-name="suite-NegativeLoginUsernameOnMainPageTestSuite" title="local.HLVTestApp.loginandsignuptests.NegativeLoginTests" class="method navigator-link" hash-for-method="verifyUnsuccessfullLoginActionOnLoginPage(testUsername1, incorrectPassword, Invalid Email. Try again.)">verifyUnsuccessfullLoginActionOnLoginPage(testUsername1, incorrectPassword, Invalid Email. Try again.)</a> <!-- method navigator-link -->
                      </span>
                      <br/>
                      <span>
                        <img src="failed.png" width="3%"/>
                        <a href="#" panel-name="suite-NegativeLoginUsernameOnMainPageTestSuite" title="local.HLVTestApp.loginandsignuptests.NegativeLoginTests" class="method navigator-link" hash-for-method="verifyUnsuccessfullLoginActionOnMainPage(testUsername1, incorrectPassword, Invalid Email. Try again.)">verifyUnsuccessfullLoginActionOnMainPage(testUsername1, incorrectPassword, Invalid Email. Try again.)</a> <!-- method navigator-link -->
                      </span>
                      <br/>
                      <span>
                        <img src="failed.png" width="3%"/>
                        <a href="#" panel-name="suite-NegativeLoginUsernameOnMainPageTestSuite" title="local.HLVTestApp.loginandsignuptests.NegativeLoginTests" class="method navigator-link" hash-for-method="verifyUnsuccessfullLoginActionOnMainPage(incorrectUsername, testPassword1, Invalid Email. Try again.)">verifyUnsuccessfullLoginActionOnMainPage(incorrectUsername, testPassword1, Invalid Email. Try again.)</a> <!-- method navigator-link -->
                      </span>
                      <br/>
                      <span>
                        <img src="failed.png" width="3%"/>
                        <a href="#" panel-name="suite-NegativeLoginUsernameOnMainPageTestSuite" title="local.HLVTestApp.loginandsignuptests.NegativeLoginTests" class="method navigator-link" hash-for-method="verifyUnsuccessfullLoginActionOnMainPage(testUsername1, incorrectPassword, Invalid Email. Try again.)">verifyUnsuccessfullLoginActionOnMainPage(testUsername1, incorrectPassword, Invalid Email. Try again.)</a> <!-- method navigator-link -->
                      </span>
                      <br/>
                    </div> <!-- method-list-content failed suite-NegativeLoginUsernameOnMainPageTestSuite -->
                  </li>
                  <li>
                    <span class="method-list-title passed">Passed methods</span>
                    <span class="show-or-hide-methods passed">
                      <a href="#" panel-name="suite-NegativeLoginUsernameOnMainPageTestSuite" class="hide-methods passed suite-NegativeLoginUsernameOnMainPageTestSuite"> (hide)</a> <!-- hide-methods passed suite-NegativeLoginUsernameOnMainPageTestSuite -->
                      <a href="#" panel-name="suite-NegativeLoginUsernameOnMainPageTestSuite" class="show-methods passed suite-NegativeLoginUsernameOnMainPageTestSuite"> (show)</a> <!-- show-methods passed suite-NegativeLoginUsernameOnMainPageTestSuite -->
                    </span>
                    <div class="method-list-content passed suite-NegativeLoginUsernameOnMainPageTestSuite">
                      <span>
                        <img src="passed.png" width="3%"/>
                        <a href="#" panel-name="suite-NegativeLoginUsernameOnMainPageTestSuite" title="local.HLVTestApp.loginandsignuptests.NegativeLoginTests" class="method navigator-link" hash-for-method="verifyUnsuccessfullLoginActionOnLoginPage(incorrectUsername, testPassword1, Invalid Email. Try again.)">verifyUnsuccessfullLoginActionOnLoginPage(incorrectUsername, testPassword1, Invalid Email. Try again.)</a> <!-- method navigator-link -->
                      </span>
                      <br/>
                    </div> <!-- method-list-content passed suite-NegativeLoginUsernameOnMainPageTestSuite -->
                  </li>
                </ul>
              </div> <!-- suite-section-content -->
            </div> <!-- result-section -->
          </div> <!-- navigator-suite-content -->
        </div> <!-- rounded-window -->
      </div> <!-- suite -->
    </div> <!-- navigator-root -->
    <div class="wrapper">
      <div class="main-panel-root">
        <div panel-name="suite-NegativeLoginUsernameOnMainPageTestSuite" class="panel NegativeLoginUsernameOnMainPageTestSuite">
          <div class="suite-NegativeLoginUsernameOnMainPageTestSuite-class-failed">
            <div class="main-panel-header rounded-window-top">
              <img src="failed.png"/>
              <span class="class-name">local.HLVTestApp.loginandsignuptests.NegativeLoginTests</span>
            </div> <!-- main-panel-header rounded-window-top -->
            <div class="main-panel-content rounded-window-bottom">
              <div class="method">
                <div class="method-content">
                  <a name="verifyUnsuccessfullLoginActionOnLoginPage(testUsername1, incorrectPassword, Invalid Email. Try again.)">
                  </a> <!-- verifyUnsuccessfullLoginActionOnLoginPage(testUsername1, incorrectPassword, Invalid Email. Try again.) -->
                  <span class="method-name">verifyUnsuccessfullLoginActionOnLoginPage</span>
                  <span class="parameters">(testUsername1, incorrectPassword, Invalid Email. Try again.)</span>
                  <div class="stack-trace">org.openqa.selenium.StaleElementReferenceException: stale element reference: element is not attached to the page document
  (Session info: chrome=93.0.4577.63)
For documentation on this error, please visit: https://selenium.dev/exceptions/#stale_element_reference
Build info: version: &apos;4.0.0-beta-4&apos;, revision: &apos;29f46d02dd&apos;
System info: host: &apos;SIXNS289&apos;, ip: &apos;192.168.0.14&apos;, os.name: &apos;Windows 10&apos;, os.arch: &apos;amd64&apos;, os.version: &apos;10.0&apos;, java.version: &apos;15&apos;
Driver info: org.openqa.selenium.chrome.ChromeDriver
Command: [75acdf07baa0a7a318572ce0ada66abe, clickElement {id=7e11c8f0-0c33-4d04-84b7-a995cfd18b62}]
Capabilities {acceptInsecureCerts: false, browserName: chrome, browserVersion: 93.0.4577.63, chrome: {chromedriverVersion: 93.0.4577.63 (ff5c0da2ec0ad..., userDataDir: C:\Users\ATATAL~1\AppData\L...}, goog:chromeOptions: {debuggerAddress: localhost:56409}, javascriptEnabled: true, networkConnectionEnabled: false, pageLoadStrategy: normal, platform: WINDOWS, platformName: WINDOWS, proxy: Proxy(), se:cdp: ws://localhost:56409/devtoo..., se:cdpVersion: 93.0.4577.63, setWindowRect: true, strictFileInteractability: false, timeouts: {implicit: 0, pageLoad: 300000, script: 30000}, unhandledPromptBehavior: dismiss and notify, webauthn:extension:credBlob: true, webauthn:extension:largeBlob: true, webauthn:virtualAuthenticators: true}
Element: [[ChromeDriver: chrome on WINDOWS (75acdf07baa0a7a318572ce0ada66abe)] -&gt; css selector: a[href = &apos;login&apos;]]
Session ID: 75acdf07baa0a7a318572ce0ada66abe
	at org.openqa.selenium.remote.codec.w3c.W3CHttpResponseCodec.createException(W3CHttpResponseCodec.java:200)
	at org.openqa.selenium.remote.codec.w3c.W3CHttpResponseCodec.decode(W3CHttpResponseCodec.java:133)
	at org.openqa.selenium.remote.codec.w3c.W3CHttpResponseCodec.decode(W3CHttpResponseCodec.java:53)
	at org.openqa.selenium.remote.HttpCommandExecutor.execute(HttpCommandExecutor.java:184)
	at org.openqa.selenium.remote.service.DriverCommandExecutor.invokeExecute(DriverCommandExecutor.java:162)
	at org.openqa.selenium.remote.service.DriverCommandExecutor.execute(DriverCommandExecutor.java:137)
	at org.openqa.selenium.remote.RemoteWebDriver.execute(RemoteWebDriver.java:612)
	at org.openqa.selenium.remote.RemoteWebElement.execute(RemoteWebElement.java:235)
	at org.openqa.selenium.remote.RemoteWebElement.click(RemoteWebElement.java:73)
	at local.HLVTestApp.pages.BasePageObject.click(BasePageObject.java:39)
	at local.HLVTestApp.pages.ResponsiveSocialLoginFormPageObject.clickOnLogInButton(ResponsiveSocialLoginFormPageObject.java:52)
	at local.HLVTestApp.loginandsignuptests.NegativeLoginTests.verifyUnsuccessfullLoginActionOnLoginPage(NegativeLoginTests.java:49)
	at java.base/java.util.ArrayList.forEach(ArrayList.java:1511)
	at java.base/java.util.concurrent.FutureTask.run(FutureTask.java:264)
	at java.base/java.util.concurrent.ThreadPoolExecutor.runWorker(ThreadPoolExecutor.java:1130)
	at java.base/java.util.concurrent.ThreadPoolExecutor$Worker.run(ThreadPoolExecutor.java:630)
	at java.base/java.lang.Thread.run(Thread.java:832)
... Removed 23 stack frames
</div> <!-- stack-trace -->
                </div> <!-- method-content -->
              </div> <!-- method -->
              <div class="method">
                <div class="method-content">
                  <a name="verifyUnsuccessfullLoginActionOnLoginPage(testUsername1, incorrectPassword, Invalid Email. Try again.)">
                  </a> <!-- verifyUnsuccessfullLoginActionOnLoginPage(testUsername1, incorrectPassword, Invalid Email. Try again.) -->
                  <span class="method-name">verifyUnsuccessfullLoginActionOnLoginPage</span>
                  <span class="parameters">(testUsername1, incorrectPassword, Invalid Email. Try again.)</span>
                  <div class="stack-trace">org.openqa.selenium.NoSuchSessionException: Tried to run command without establishing a connection
Build info: version: &apos;4.0.0-beta-4&apos;, revision: &apos;29f46d02dd&apos;
System info: host: &apos;SIXNS289&apos;, ip: &apos;192.168.0.14&apos;, os.name: &apos;Windows 10&apos;, os.arch: &apos;amd64&apos;, os.version: &apos;10.0&apos;, java.version: &apos;15&apos;
Driver info: org.openqa.selenium.firefox.FirefoxDriver
Command: [f4c400f6-a02e-453e-80c6-a43eb479e500, findElement {using=name, value=username}]
Capabilities {acceptInsecureCerts: true, browserName: firefox, browserVersion: 92.0, javascriptEnabled: true, moz:accessibilityChecks: false, moz:buildID: 20210903235534, moz:debuggerAddress: localhost:54566, moz:geckodriverVersion: 0.29.1, moz:headless: false, moz:processID: 17884, moz:profile: C:\Users\atatalovic\AppData..., moz:shutdownTimeout: 60000, moz:useNonSpecCompliantPointerOrigin: false, moz:webdriverClick: true, pageLoadStrategy: normal, platform: WINDOWS, platformName: WINDOWS, platformVersion: 10.0, proxy: Proxy(), se:cdp: ws://localhost:54566/devtoo..., se:cdpVersion: 85, setWindowRect: true, strictFileInteractability: false, timeouts: {implicit: 0, pageLoad: 300000, script: 30000}, unhandledPromptBehavior: dismiss and notify}
Session ID: f4c400f6-a02e-453e-80c6-a43eb479e500
	at org.openqa.selenium.remote.codec.w3c.W3CHttpResponseCodec.createException(W3CHttpResponseCodec.java:200)
	at org.openqa.selenium.remote.codec.w3c.W3CHttpResponseCodec.decode(W3CHttpResponseCodec.java:133)
	at org.openqa.selenium.remote.codec.w3c.W3CHttpResponseCodec.decode(W3CHttpResponseCodec.java:53)
	at org.openqa.selenium.remote.HttpCommandExecutor.execute(HttpCommandExecutor.java:184)
	at org.openqa.selenium.remote.service.DriverCommandExecutor.invokeExecute(DriverCommandExecutor.java:162)
	at org.openqa.selenium.remote.service.DriverCommandExecutor.execute(DriverCommandExecutor.java:137)
	at org.openqa.selenium.remote.RemoteWebDriver.execute(RemoteWebDriver.java:612)
	at org.openqa.selenium.remote.RemoteWebDriver$Mechanism$2.findElement(RemoteWebDriver.java:1251)
	at org.openqa.selenium.remote.RemoteWebDriver.findElement(RemoteWebDriver.java:386)
	at org.openqa.selenium.remote.RemoteWebDriver.findElement(RemoteWebDriver.java:373)
	at local.HLVTestApp.pages.BasePageObject.find(BasePageObject.java:33)
	at local.HLVTestApp.pages.BasePageObject.type(BasePageObject.java:45)
	at local.HLVTestApp.pages.LoginFormPageObject.logIn(LoginFormPageObject.java:23)
	at local.HLVTestApp.loginandsignuptests.NegativeLoginTests.verifyUnsuccessfullLoginActionOnLoginPage(NegativeLoginTests.java:52)
	at java.base/java.util.ArrayList.forEach(ArrayList.java:1511)
	at java.base/java.util.concurrent.FutureTask.run(FutureTask.java:264)
	at java.base/java.util.concurrent.ThreadPoolExecutor.runWorker(ThreadPoolExecutor.java:1130)
	at java.base/java.util.concurrent.ThreadPoolExecutor$Worker.run(ThreadPoolExecutor.java:630)
	at java.base/java.lang.Thread.run(Thread.java:832)
... Removed 23 stack frames
</div> <!-- stack-trace -->
                </div> <!-- method-content -->
              </div> <!-- method -->
              <div class="method">
                <div class="method-content">
                  <a name="verifyUnsuccessfullLoginActionOnMainPage(testUsername1, incorrectPassword, Invalid Email. Try again.)">
                  </a> <!-- verifyUnsuccessfullLoginActionOnMainPage(testUsername1, incorrectPassword, Invalid Email. Try again.) -->
                  <span class="method-name">verifyUnsuccessfullLoginActionOnMainPage</span>
                  <span class="parameters">(testUsername1, incorrectPassword, Invalid Email. Try again.)</span>
                  <div class="stack-trace">java.lang.AssertionError: expected [http://localhost:8080/login] but found [http://localhost:8080/?username=testUsername1&amp;password=incorrectPassword]
	at local.HLVTestApp.loginandsignuptests.NegativeLoginTests.verifyUnsuccessfullLoginActionOnMainPage(NegativeLoginTests.java:27)
	at java.base/java.util.ArrayList.forEach(ArrayList.java:1511)
	at java.base/java.util.concurrent.FutureTask.run(FutureTask.java:264)
	at java.base/java.util.concurrent.ThreadPoolExecutor.runWorker(ThreadPoolExecutor.java:1130)
	at java.base/java.util.concurrent.ThreadPoolExecutor$Worker.run(ThreadPoolExecutor.java:630)
	at java.base/java.lang.Thread.run(Thread.java:832)
... Removed 24 stack frames
</div> <!-- stack-trace -->
                </div> <!-- method-content -->
              </div> <!-- method -->
              <div class="method">
                <div class="method-content">
                  <a name="verifyUnsuccessfullLoginActionOnMainPage(incorrectUsername, testPassword1, Invalid Email. Try again.)">
                  </a> <!-- verifyUnsuccessfullLoginActionOnMainPage(incorrectUsername, testPassword1, Invalid Email. Try again.) -->
                  <span class="method-name">verifyUnsuccessfullLoginActionOnMainPage</span>
                  <span class="parameters">(incorrectUsername, testPassword1, Invalid Email. Try again.)</span>
                  <div class="stack-trace">java.lang.AssertionError: expected [http://localhost:8080/login] but found [http://localhost:8080/?username=incorrectUsername&amp;password=testPassword1]
	at local.HLVTestApp.loginandsignuptests.NegativeLoginTests.verifyUnsuccessfullLoginActionOnMainPage(NegativeLoginTests.java:27)
	at java.base/java.util.ArrayList.forEach(ArrayList.java:1511)
	at java.base/java.util.concurrent.FutureTask.run(FutureTask.java:264)
	at java.base/java.util.concurrent.ThreadPoolExecutor.runWorker(ThreadPoolExecutor.java:1130)
	at java.base/java.util.concurrent.ThreadPoolExecutor$Worker.run(ThreadPoolExecutor.java:630)
	at java.base/java.lang.Thread.run(Thread.java:832)
... Removed 24 stack frames
</div> <!-- stack-trace -->
                </div> <!-- method-content -->
              </div> <!-- method -->
              <div class="method">
                <div class="method-content">
                  <a name="verifyUnsuccessfullLoginActionOnMainPage(testUsername1, incorrectPassword, Invalid Email. Try again.)">
                  </a> <!-- verifyUnsuccessfullLoginActionOnMainPage(testUsername1, incorrectPassword, Invalid Email. Try again.) -->
                  <span class="method-name">verifyUnsuccessfullLoginActionOnMainPage</span>
                  <span class="parameters">(testUsername1, incorrectPassword, Invalid Email. Try again.)</span>
                  <div class="stack-trace">java.lang.AssertionError: expected [http://localhost:8080/login] but found [http://localhost:8080/?username=testUsername1&amp;password=incorrectPassword]
	at local.HLVTestApp.loginandsignuptests.NegativeLoginTests.verifyUnsuccessfullLoginActionOnMainPage(NegativeLoginTests.java:27)
	at java.base/java.util.ArrayList.forEach(ArrayList.java:1511)
	at java.base/java.util.concurrent.FutureTask.run(FutureTask.java:264)
	at java.base/java.util.concurrent.ThreadPoolExecutor.runWorker(ThreadPoolExecutor.java:1130)
	at java.base/java.util.concurrent.ThreadPoolExecutor$Worker.run(ThreadPoolExecutor.java:630)
	at java.base/java.lang.Thread.run(Thread.java:832)
... Removed 24 stack frames
</div> <!-- stack-trace -->
                </div> <!-- method-content -->
              </div> <!-- method -->
            </div> <!-- main-panel-content rounded-window-bottom -->
          </div> <!-- suite-NegativeLoginUsernameOnMainPageTestSuite-class-failed -->
          <div class="suite-NegativeLoginUsernameOnMainPageTestSuite-class-passed">
            <div class="main-panel-header rounded-window-top">
              <img src="passed.png"/>
              <span class="class-name">local.HLVTestApp.loginandsignuptests.NegativeLoginTests</span>
            </div> <!-- main-panel-header rounded-window-top -->
            <div class="main-panel-content rounded-window-bottom">
              <div class="method">
                <div class="method-content">
                  <a name="verifyUnsuccessfullLoginActionOnLoginPage(incorrectUsername, testPassword1, Invalid Email. Try again.)">
                  </a> <!-- verifyUnsuccessfullLoginActionOnLoginPage(incorrectUsername, testPassword1, Invalid Email. Try again.) -->
                  <span class="method-name">verifyUnsuccessfullLoginActionOnLoginPage</span>
                  <span class="parameters">(incorrectUsername, testPassword1, Invalid Email. Try again.)</span>
                </div> <!-- method-content -->
              </div> <!-- method -->
            </div> <!-- main-panel-content rounded-window-bottom -->
          </div> <!-- suite-NegativeLoginUsernameOnMainPageTestSuite-class-passed -->
        </div> <!-- panel NegativeLoginUsernameOnMainPageTestSuite -->
        <div panel-name="test-xml-NegativeLoginUsernameOnMainPageTestSuite" class="panel">
          <div class="main-panel-header rounded-window-top">
            <span class="header-content">C:\Users\atatalovic\eclipse-workspace\HLVTest\src\test\resources\TestSuites\NegativeLoginTests.xml</span>
          </div> <!-- main-panel-header rounded-window-top -->
          <div class="main-panel-content rounded-window-bottom">
            <pre>
&lt;?xml version=&quot;1.0&quot; encoding=&quot;UTF-8&quot;?&gt;
&lt;!DOCTYPE suite SYSTEM &quot;https://testng.org/testng-1.0.dtd&quot;&gt;
&lt;suite thread-count=&quot;4&quot; parallel=&quot;tests&quot; name=&quot;NegativeLoginUsernameOnMainPageTestSuite&quot; guice-stage=&quot;DEVELOPMENT&quot;&gt;
  &lt;listeners&gt;
    &lt;listener class-name=&quot;local.HLVTestApp.listeners.TestListener&quot;/&gt;
  &lt;/listeners&gt;
  &lt;test thread-count=&quot;4&quot; parallel=&quot;tests&quot; name=&quot;NegativeLoginUsernameTest-CH&quot;&gt;
    &lt;parameter name=&quot;password&quot; value=&quot;testPassword1&quot;/&gt;
    &lt;parameter name=&quot;browser&quot; value=&quot;chrome&quot;/&gt;
    &lt;parameter name=&quot;expectedMessage&quot; value=&quot;Invalid Email. Try again.&quot;/&gt;
    &lt;parameter name=&quot;username&quot; value=&quot;incorrectUsername&quot;/&gt;
    &lt;classes&gt;
      &lt;class name=&quot;local.HLVTestApp.loginandsignuptests.NegativeLoginTests&quot;/&gt;
    &lt;/classes&gt;
  &lt;/test&gt; &lt;!-- NegativeLoginUsernameTest-CH --&gt;
  &lt;test thread-count=&quot;4&quot; parallel=&quot;tests&quot; name=&quot;NegativeLoginUsernameOnMainPageTest-FF&quot;&gt;
    &lt;parameter name=&quot;password&quot; value=&quot;testPassword1&quot;/&gt;
    &lt;parameter name=&quot;browser&quot; value=&quot;firefox&quot;/&gt;
    &lt;parameter name=&quot;expectedMessage&quot; value=&quot;Invalid Email. Try again.&quot;/&gt;
    &lt;parameter name=&quot;username&quot; value=&quot;incorrectUsername&quot;/&gt;
    &lt;classes&gt;
      &lt;class name=&quot;local.HLVTestApp.loginandsignuptests.NegativeLoginTests&quot;/&gt;
    &lt;/classes&gt;
  &lt;/test&gt; &lt;!-- NegativeLoginUsernameOnMainPageTest-FF --&gt;
  &lt;test thread-count=&quot;4&quot; parallel=&quot;tests&quot; name=&quot;NegativeLoginPasswordOnMainPageTest-CH&quot;&gt;
    &lt;parameter name=&quot;password&quot; value=&quot;incorrectPassword&quot;/&gt;
    &lt;parameter name=&quot;browser&quot; value=&quot;chrome&quot;/&gt;
    &lt;parameter name=&quot;expectedMessage&quot; value=&quot;Invalid Email. Try again.&quot;/&gt;
    &lt;parameter name=&quot;username&quot; value=&quot;testUsername1&quot;/&gt;
    &lt;classes&gt;
      &lt;class name=&quot;local.HLVTestApp.loginandsignuptests.NegativeLoginTests&quot;/&gt;
    &lt;/classes&gt;
  &lt;/test&gt; &lt;!-- NegativeLoginPasswordOnMainPageTest-CH --&gt;
  &lt;test thread-count=&quot;4&quot; parallel=&quot;tests&quot; name=&quot;NegativeLoginPasswordOnMainPageTest-FF&quot;&gt;
    &lt;parameter name=&quot;password&quot; value=&quot;incorrectPassword&quot;/&gt;
    &lt;parameter name=&quot;browser&quot; value=&quot;firefox&quot;/&gt;
    &lt;parameter name=&quot;expectedMessage&quot; value=&quot;Invalid Email. Try again.&quot;/&gt;
    &lt;parameter name=&quot;username&quot; value=&quot;testUsername1&quot;/&gt;
    &lt;classes&gt;
      &lt;class name=&quot;local.HLVTestApp.loginandsignuptests.NegativeLoginTests&quot;/&gt;
    &lt;/classes&gt;
  &lt;/test&gt; &lt;!-- NegativeLoginPasswordOnMainPageTest-FF --&gt;
&lt;/suite&gt; &lt;!-- NegativeLoginUsernameOnMainPageTestSuite --&gt;
            </pre>
          </div> <!-- main-panel-content rounded-window-bottom -->
        </div> <!-- panel -->
        <div panel-name="testlist-NegativeLoginUsernameOnMainPageTestSuite" class="panel">
          <div class="main-panel-header rounded-window-top">
            <span class="header-content">Tests for NegativeLoginUsernameOnMainPageTestSuite</span>
          </div> <!-- main-panel-header rounded-window-top -->
          <div class="main-panel-content rounded-window-bottom">
            <ul>
              <li>
                <span class="test-name">NegativeLoginUsernameTest-CH (1 class)</span>
              </li>
              <li>
                <span class="test-name">NegativeLoginUsernameOnMainPageTest-FF (1 class)</span>
              </li>
              <li>
                <span class="test-name">NegativeLoginPasswordOnMainPageTest-CH (1 class)</span>
              </li>
              <li>
                <span class="test-name">NegativeLoginPasswordOnMainPageTest-FF (1 class)</span>
              </li>
            </ul>
          </div> <!-- main-panel-content rounded-window-bottom -->
        </div> <!-- panel -->
        <div panel-name="group-NegativeLoginUsernameOnMainPageTestSuite" class="panel">
          <div class="main-panel-header rounded-window-top">
            <span class="header-content">Groups for NegativeLoginUsernameOnMainPageTestSuite</span>
          </div> <!-- main-panel-header rounded-window-top -->
          <div class="main-panel-content rounded-window-bottom">
          </div> <!-- main-panel-content rounded-window-bottom -->
        </div> <!-- panel -->
        <div panel-name="times-NegativeLoginUsernameOnMainPageTestSuite" class="panel">
          <div class="main-panel-header rounded-window-top">
            <span class="header-content">Times for NegativeLoginUsernameOnMainPageTestSuite</span>
          </div> <!-- main-panel-header rounded-window-top -->
          <div class="main-panel-content rounded-window-bottom">
            <div class="times-div">
              <script type="text/javascript">
suiteTableInitFunctions.push('tableData_NegativeLoginUsernameOnMainPageTestSuite');
function tableData_NegativeLoginUsernameOnMainPageTestSuite() {
var data = new google.visualization.DataTable();
data.addColumn('number', 'Number');
data.addColumn('string', 'Method');
data.addColumn('string', 'Class');
data.addColumn('number', 'Time (ms)');
data.addRows(6);
data.setCell(0, 0, 0)
data.setCell(0, 1, 'verifyUnsuccessfullLoginActionOnLoginPage')
data.setCell(0, 2, 'local.HLVTestApp.loginandsignuptests.NegativeLoginTests')
data.setCell(0, 3, 2224);
data.setCell(1, 0, 1)
data.setCell(1, 1, 'verifyUnsuccessfullLoginActionOnLoginPage')
data.setCell(1, 2, 'local.HLVTestApp.loginandsignuptests.NegativeLoginTests')
data.setCell(1, 3, 1358);
data.setCell(2, 0, 2)
data.setCell(2, 1, 'verifyUnsuccessfullLoginActionOnMainPage')
data.setCell(2, 2, 'local.HLVTestApp.loginandsignuptests.NegativeLoginTests')
data.setCell(2, 3, 1156);
data.setCell(3, 0, 3)
data.setCell(3, 1, 'verifyUnsuccessfullLoginActionOnLoginPage')
data.setCell(3, 2, 'local.HLVTestApp.loginandsignuptests.NegativeLoginTests')
data.setCell(3, 3, 1018);
data.setCell(4, 0, 4)
data.setCell(4, 1, 'verifyUnsuccessfullLoginActionOnMainPage')
data.setCell(4, 2, 'local.HLVTestApp.loginandsignuptests.NegativeLoginTests')
data.setCell(4, 3, 660);
data.setCell(5, 0, 5)
data.setCell(5, 1, 'verifyUnsuccessfullLoginActionOnMainPage')
data.setCell(5, 2, 'local.HLVTestApp.loginandsignuptests.NegativeLoginTests')
data.setCell(5, 3, 491);
window.suiteTableData['NegativeLoginUsernameOnMainPageTestSuite']= { tableData: data, tableDiv: 'times-div-NegativeLoginUsernameOnMainPageTestSuite'}
return data;
}
              </script>
              <span class="suite-total-time">Total running time: 15 seconds</span>
              <div id="times-div-NegativeLoginUsernameOnMainPageTestSuite">
              </div> <!-- times-div-NegativeLoginUsernameOnMainPageTestSuite -->
            </div> <!-- times-div -->
          </div> <!-- main-panel-content rounded-window-bottom -->
        </div> <!-- panel -->
        <div panel-name="reporter-NegativeLoginUsernameOnMainPageTestSuite" class="panel">
          <div class="main-panel-header rounded-window-top">
            <span class="header-content">Reporter output for NegativeLoginUsernameOnMainPageTestSuite</span>
          </div> <!-- main-panel-header rounded-window-top -->
          <div class="main-panel-content rounded-window-bottom">
          </div> <!-- main-panel-content rounded-window-bottom -->
        </div> <!-- panel -->
        <div panel-name="ignored-methods-NegativeLoginUsernameOnMainPageTestSuite" class="panel">
          <div class="main-panel-header rounded-window-top">
            <span class="header-content">0 ignored methods</span>
          </div> <!-- main-panel-header rounded-window-top -->
          <div class="main-panel-content rounded-window-bottom">
          </div> <!-- main-panel-content rounded-window-bottom -->
        </div> <!-- panel -->
        <div panel-name="chronological-NegativeLoginUsernameOnMainPageTestSuite" class="panel">
          <div class="main-panel-header rounded-window-top">
            <span class="header-content">Methods in chronological order</span>
          </div> <!-- main-panel-header rounded-window-top -->
          <div class="main-panel-content rounded-window-bottom">
            <div class="chronological-class">
              <div class="chronological-class-name">local.HLVTestApp.loginandsignuptests.NegativeLoginTests</div> <!-- chronological-class-name -->
              <div class="configuration-method before">
                <span class="method-name">setUp(chrome, org.testng.TestRunner@536dbea0)</span>
                <span class="method-start">0 ms</span>
              </div> <!-- configuration-method before -->
              <div class="configuration-method before">
                <span class="method-name">setUp(firefox, org.testng.TestRunner@15d49048)</span>
                <span class="method-start">0 ms</span>
              </div> <!-- configuration-method before -->
              <div class="configuration-method before">
                <span class="method-name">setUp(chrome, org.testng.TestRunner@78452606)</span>
                <span class="method-start">0 ms</span>
              </div> <!-- configuration-method before -->
              <div class="configuration-method before">
                <span class="method-name">setUp(firefox, org.testng.TestRunner@7098b907)</span>
                <span class="method-start">0 ms</span>
              </div> <!-- configuration-method before -->
              <div class="test-method">
                <span class="method-name">verifyUnsuccessfullLoginActionOnLoginPage(incorrectUsername, testPassword1, Invalid Email. Try again.)</span>
                <span class="method-start">2779 ms</span>
              </div> <!-- test-method -->
              <div class="test-method">
                <img src="failed.png">
                </img>
                <span class="method-name">verifyUnsuccessfullLoginActionOnLoginPage(testUsername1, incorrectPassword, Invalid Email. Try again.)</span>
                <span class="method-start">2779 ms</span>
              </div> <!-- test-method -->
              <div class="configuration-method after">
                <span class="method-name">tearDown</span>
                <span class="method-start">4677 ms</span>
              </div> <!-- configuration-method after -->
              <div class="configuration-method after">
                <span class="method-name">tearDown</span>
                <span class="method-start">5123 ms</span>
              </div> <!-- configuration-method after -->
              <div class="configuration-method before">
                <span class="method-name">setUp(chrome, org.testng.TestRunner@536dbea0)</span>
                <span class="method-start">5564 ms</span>
              </div> <!-- configuration-method before -->
              <div class="configuration-method before">
                <span class="method-name">setUp(chrome, org.testng.TestRunner@78452606)</span>
                <span class="method-start">5564 ms</span>
              </div> <!-- configuration-method before -->
              <div class="test-method">
                <span class="method-name">verifyUnsuccessfullLoginActionOnLoginPage(incorrectUsername, testPassword1, Invalid Email. Try again.)</span>
                <span class="method-start">5936 ms</span>
              </div> <!-- test-method -->
              <div class="test-method">
                <img src="failed.png">
                </img>
                <span class="method-name">verifyUnsuccessfullLoginActionOnLoginPage(testUsername1, incorrectPassword, Invalid Email. Try again.)</span>
                <span class="method-start">6490 ms</span>
              </div> <!-- test-method -->
              <div class="configuration-method after">
                <span class="method-name">tearDown</span>
                <span class="method-start">7296 ms</span>
              </div> <!-- configuration-method after -->
              <div class="test-method">
                <img src="failed.png">
                </img>
                <span class="method-name">verifyUnsuccessfullLoginActionOnMainPage(testUsername1, incorrectPassword, Invalid Email. Try again.)</span>
                <span class="method-start">7628 ms</span>
              </div> <!-- test-method -->
              <div class="configuration-method before">
                <span class="method-name">setUp(firefox, org.testng.TestRunner@15d49048)</span>
                <span class="method-start">8773 ms</span>
              </div> <!-- configuration-method before -->
              <div class="configuration-method after">
                <span class="method-name">tearDown</span>
                <span class="method-start">8951 ms</span>
              </div> <!-- configuration-method after -->
              <div class="configuration-method after">
                <span class="method-name">tearDown</span>
                <span class="method-start">9076 ms</span>
              </div> <!-- configuration-method after -->
              <div class="configuration-method before">
                <span class="method-name">setUp(firefox, org.testng.TestRunner@7098b907)</span>
                <span class="method-start">9749 ms</span>
              </div> <!-- configuration-method before -->
              <div class="test-method">
                <img src="failed.png">
                </img>
                <span class="method-name">verifyUnsuccessfullLoginActionOnMainPage(incorrectUsername, testPassword1, Invalid Email. Try again.)</span>
                <span class="method-start">12284 ms</span>
              </div> <!-- test-method -->
              <div class="configuration-method after">
                <span class="method-name">tearDown</span>
                <span class="method-start">13143 ms</span>
              </div> <!-- configuration-method after -->
              <div class="test-method">
                <img src="failed.png">
                </img>
                <span class="method-name">verifyUnsuccessfullLoginActionOnMainPage(testUsername1, incorrectPassword, Invalid Email. Try again.)</span>
                <span class="method-start">14276 ms</span>
              </div> <!-- test-method -->
              <div class="configuration-method after">
                <span class="method-name">tearDown</span>
                <span class="method-start">14887 ms</span>
              </div> <!-- configuration-method after -->
          </div> <!-- main-panel-content rounded-window-bottom -->
        </div> <!-- panel -->
      </div> <!-- main-panel-root -->
    </div> <!-- wrapper -->
  </body>
<script type="text/javascript" src="testng-reports2.js"></script>
</html>
